[debug] [2025-09-26T05:14:26.115Z] ----------------------------------------------------------------------
[debug] [2025-09-26T05:14:26.119Z] Command:       C:\Program Files\nodejs\node.exe C:\Users\PC\AppData\Roaming\npm\node_modules\firebase-tools\lib\bin\firebase.js deploy
[debug] [2025-09-26T05:14:26.119Z] CLI Version:   14.15.2
[debug] [2025-09-26T05:14:26.119Z] Platform:      win32
[debug] [2025-09-26T05:14:26.119Z] Node Version:  v22.19.0
[debug] [2025-09-26T05:14:26.120Z] Time:          Thu Sep 25 2025 23:14:26 GMT-0600 (hora estándar central)
[debug] [2025-09-26T05:14:26.120Z] ----------------------------------------------------------------------
[debug] 
[debug] [2025-09-26T05:14:26.490Z] > command requires scopes: ["email","openid","https://www.googleapis.com/auth/cloudplatformprojects.readonly","https://www.googleapis.com/auth/firebase","https://www.googleapis.com/auth/cloud-platform"]
[debug] [2025-09-26T05:14:26.491Z] > authorizing via signed-in user (anibal.chaves.badilla@gmail.com)
[debug] [2025-09-26T05:14:26.491Z] [iam] checking project ivannia-miller-vasquez for permissions ["firebase.projects.get","firebasehosting.sites.update"]
[debug] [2025-09-26T05:14:26.493Z] Checked if tokens are valid: true, expires at: 1758883413177
[debug] [2025-09-26T05:14:26.493Z] Checked if tokens are valid: true, expires at: 1758883413177
[debug] [2025-09-26T05:14:26.495Z] >>> [apiv2][query] POST https://cloudresourcemanager.googleapis.com/v1/projects/ivannia-miller-vasquez:testIamPermissions [none]
[debug] [2025-09-26T05:14:26.495Z] >>> [apiv2][(partial)header] POST https://cloudresourcemanager.googleapis.com/v1/projects/ivannia-miller-vasquez:testIamPermissions x-goog-quota-user=projects/ivannia-miller-vasquez
[debug] [2025-09-26T05:14:26.495Z] >>> [apiv2][body] POST https://cloudresourcemanager.googleapis.com/v1/projects/ivannia-miller-vasquez:testIamPermissions {"permissions":["firebase.projects.get","firebasehosting.sites.update"]}
[debug] [2025-09-26T05:14:27.035Z] <<< [apiv2][status] POST https://cloudresourcemanager.googleapis.com/v1/projects/ivannia-miller-vasquez:testIamPermissions 401
[debug] [2025-09-26T05:14:27.035Z] <<< [apiv2][body] POST https://cloudresourcemanager.googleapis.com/v1/projects/ivannia-miller-vasquez:testIamPermissions {"error":{"code":401,"message":"Request had invalid authentication credentials. Expected OAuth 2 access token, login cookie or other valid authentication credential. See https://developers.google.com/identity/sign-in/web/devconsole-project.","status":"UNAUTHENTICATED","details":[{"@type":"type.googleapis.com/google.rpc.ErrorInfo","reason":"ACCESS_TOKEN_TYPE_UNSUPPORTED","metadata":{"service":"cloudresourcemanager.googleapis.com","method":"google.cloudresourcemanager.v1.Projects.TestIamPermissions"}}]}}
[debug] [2025-09-26T05:14:27.035Z] Got a 401 Unauthenticated error for a call that required authentication. Refreshing tokens.
[debug] [2025-09-26T05:14:27.035Z] Checked if tokens are valid: true, expires at: 1758883413177
[debug] [2025-09-26T05:14:27.035Z] Checked if tokens are valid: true, expires at: 1758883413177
[debug] [2025-09-26T05:14:27.036Z] [iam] error while checking permissions, command may fail: Request to https://cloudresourcemanager.googleapis.com/v1/projects/ivannia-miller-vasquez:testIamPermissions had HTTP Error: 401, Request had invalid authentication credentials. Expected OAuth 2 access token, login cookie or other valid authentication credential. See https://developers.google.com/identity/sign-in/web/devconsole-project.
[debug] [2025-09-26T05:14:27.037Z] Checked if tokens are valid: true, expires at: 1758883413177
[debug] [2025-09-26T05:14:27.037Z] >>> [apiv2][query] GET https://firebase.googleapis.com/v1beta1/projects/ivannia-miller-vasquez [none]
[debug] [2025-09-26T05:14:27.529Z] <<< [apiv2][status] GET https://firebase.googleapis.com/v1beta1/projects/ivannia-miller-vasquez 401
[debug] [2025-09-26T05:14:27.529Z] <<< [apiv2][body] GET https://firebase.googleapis.com/v1beta1/projects/ivannia-miller-vasquez {"error":{"code":401,"message":"Request had invalid authentication credentials. Expected OAuth 2 access token, login cookie or other valid authentication credential. See https://developers.google.com/identity/sign-in/web/devconsole-project.","status":"UNAUTHENTICATED"}}
[debug] [2025-09-26T05:14:27.529Z] Got a 401 Unauthenticated error for a call that required authentication. Refreshing tokens.
[debug] [2025-09-26T05:14:27.529Z] Checked if tokens are valid: true, expires at: 1758883413177
[debug] [2025-09-26T05:14:27.529Z] Checked if tokens are valid: true, expires at: 1758883413177
[debug] [2025-09-26T05:14:27.529Z] Request to https://firebase.googleapis.com/v1beta1/projects/ivannia-miller-vasquez had HTTP Error: 401, Request had invalid authentication credentials. Expected OAuth 2 access token, login cookie or other valid authentication credential. See https://developers.google.com/identity/sign-in/web/devconsole-project.
[error] 
[error] Error: Assertion failed: resolving hosting target of a site with no site name or target name. This should have caused an error earlier
[debug] [2025-09-26T05:26:41.536Z] ----------------------------------------------------------------------
[debug] [2025-09-26T05:26:41.539Z] Command:       C:\Program Files\nodejs\node.exe C:\Users\PC\AppData\Roaming\npm\node_modules\firebase-tools\lib\bin\firebase.js deploy
[debug] [2025-09-26T05:26:41.540Z] CLI Version:   14.15.2
[debug] [2025-09-26T05:26:41.540Z] Platform:      win32
[debug] [2025-09-26T05:26:41.540Z] Node Version:  v22.19.0
[debug] [2025-09-26T05:26:41.541Z] Time:          Thu Sep 25 2025 23:26:41 GMT-0600 (hora estándar central)
[debug] [2025-09-26T05:26:41.541Z] ----------------------------------------------------------------------
[debug] 
[debug] [2025-09-26T05:26:41.854Z] > command requires scopes: ["email","openid","https://www.googleapis.com/auth/cloudplatformprojects.readonly","https://www.googleapis.com/auth/firebase","https://www.googleapis.com/auth/cloud-platform"]
[debug] [2025-09-26T05:26:41.855Z] > authorizing via signed-in user (anibal.chaves.badilla@gmail.com)
[debug] [2025-09-26T05:26:41.855Z] [iam] checking project ivannia-miller-vasquez for permissions ["firebase.projects.get","firebasehosting.sites.update"]
[debug] [2025-09-26T05:26:41.857Z] Checked if tokens are valid: true, expires at: 1758883413177
[debug] [2025-09-26T05:26:41.857Z] Checked if tokens are valid: true, expires at: 1758883413177
[debug] [2025-09-26T05:26:41.858Z] >>> [apiv2][query] POST https://cloudresourcemanager.googleapis.com/v1/projects/ivannia-miller-vasquez:testIamPermissions [none]
[debug] [2025-09-26T05:26:41.858Z] >>> [apiv2][(partial)header] POST https://cloudresourcemanager.googleapis.com/v1/projects/ivannia-miller-vasquez:testIamPermissions x-goog-quota-user=projects/ivannia-miller-vasquez
[debug] [2025-09-26T05:26:41.858Z] >>> [apiv2][body] POST https://cloudresourcemanager.googleapis.com/v1/projects/ivannia-miller-vasquez:testIamPermissions {"permissions":["firebase.projects.get","firebasehosting.sites.update"]}
[debug] [2025-09-26T05:26:42.469Z] <<< [apiv2][status] POST https://cloudresourcemanager.googleapis.com/v1/projects/ivannia-miller-vasquez:testIamPermissions 401
[debug] [2025-09-26T05:26:42.469Z] <<< [apiv2][body] POST https://cloudresourcemanager.googleapis.com/v1/projects/ivannia-miller-vasquez:testIamPermissions {"error":{"code":401,"message":"Request had invalid authentication credentials. Expected OAuth 2 access token, login cookie or other valid authentication credential. See https://developers.google.com/identity/sign-in/web/devconsole-project.","status":"UNAUTHENTICATED","details":[{"@type":"type.googleapis.com/google.rpc.ErrorInfo","reason":"ACCESS_TOKEN_TYPE_UNSUPPORTED","metadata":{"method":"google.cloudresourcemanager.v1.Projects.TestIamPermissions","service":"cloudresourcemanager.googleapis.com"}}]}}
[debug] [2025-09-26T05:26:42.469Z] Got a 401 Unauthenticated error for a call that required authentication. Refreshing tokens.
[debug] [2025-09-26T05:26:42.469Z] Checked if tokens are valid: true, expires at: 1758883413177
[debug] [2025-09-26T05:26:42.469Z] Checked if tokens are valid: true, expires at: 1758883413177
[debug] [2025-09-26T05:26:42.470Z] [iam] error while checking permissions, command may fail: Request to https://cloudresourcemanager.googleapis.com/v1/projects/ivannia-miller-vasquez:testIamPermissions had HTTP Error: 401, Request had invalid authentication credentials. Expected OAuth 2 access token, login cookie or other valid authentication credential. See https://developers.google.com/identity/sign-in/web/devconsole-project.
[debug] [2025-09-26T05:26:42.471Z] Checked if tokens are valid: true, expires at: 1758883413177
[debug] [2025-09-26T05:26:42.471Z] >>> [apiv2][query] GET https://firebase.googleapis.com/v1beta1/projects/ivannia-miller-vasquez [none]
[debug] [2025-09-26T05:26:42.939Z] <<< [apiv2][status] GET https://firebase.googleapis.com/v1beta1/projects/ivannia-miller-vasquez 401
[debug] [2025-09-26T05:26:42.939Z] <<< [apiv2][body] GET https://firebase.googleapis.com/v1beta1/projects/ivannia-miller-vasquez {"error":{"code":401,"message":"Request had invalid authentication credentials. Expected OAuth 2 access token, login cookie or other valid authentication credential. See https://developers.google.com/identity/sign-in/web/devconsole-project.","status":"UNAUTHENTICATED"}}
[debug] [2025-09-26T05:26:42.940Z] Got a 401 Unauthenticated error for a call that required authentication. Refreshing tokens.
[debug] [2025-09-26T05:26:42.940Z] Checked if tokens are valid: true, expires at: 1758883413177
[debug] [2025-09-26T05:26:42.940Z] Checked if tokens are valid: true, expires at: 1758883413177
[debug] [2025-09-26T05:26:42.940Z] Request to https://firebase.googleapis.com/v1beta1/projects/ivannia-miller-vasquez had HTTP Error: 401, Request had invalid authentication credentials. Expected OAuth 2 access token, login cookie or other valid authentication credential. See https://developers.google.com/identity/sign-in/web/devconsole-project.
[error] 
[error] Error: Assertion failed: resolving hosting target of a site with no site name or target name. This should have caused an error earlier
[debug] [2025-09-26T05:28:47.279Z] ----------------------------------------------------------------------
[debug] [2025-09-26T05:28:47.282Z] Command:       C:\Program Files\nodejs\node.exe C:\Users\PC\AppData\Roaming\npm\node_modules\firebase-tools\lib\bin\firebase.js deploy
[debug] [2025-09-26T05:28:47.283Z] CLI Version:   14.15.2
[debug] [2025-09-26T05:28:47.283Z] Platform:      win32
[debug] [2025-09-26T05:28:47.283Z] Node Version:  v22.19.0
[debug] [2025-09-26T05:28:47.283Z] Time:          Thu Sep 25 2025 23:28:47 GMT-0600 (hora estándar central)
[debug] [2025-09-26T05:28:47.283Z] ----------------------------------------------------------------------
[debug] 
[debug] [2025-09-26T05:28:47.652Z] > command requires scopes: ["email","openid","https://www.googleapis.com/auth/cloudplatformprojects.readonly","https://www.googleapis.com/auth/firebase","https://www.googleapis.com/auth/cloud-platform"]
[debug] [2025-09-26T05:28:47.653Z] > authorizing via signed-in user (anibal.chaves.badilla@gmail.com)
[debug] [2025-09-26T05:28:47.653Z] [iam] checking project ivannia-miller-vasquez for permissions ["firebase.projects.get","firebasehosting.sites.update"]
[debug] [2025-09-26T05:28:47.656Z] Checked if tokens are valid: true, expires at: 1758883413177
[debug] [2025-09-26T05:28:47.656Z] Checked if tokens are valid: true, expires at: 1758883413177
[debug] [2025-09-26T05:28:47.658Z] >>> [apiv2][query] POST https://cloudresourcemanager.googleapis.com/v1/projects/ivannia-miller-vasquez:testIamPermissions [none]
[debug] [2025-09-26T05:28:47.658Z] >>> [apiv2][(partial)header] POST https://cloudresourcemanager.googleapis.com/v1/projects/ivannia-miller-vasquez:testIamPermissions x-goog-quota-user=projects/ivannia-miller-vasquez
[debug] [2025-09-26T05:28:47.658Z] >>> [apiv2][body] POST https://cloudresourcemanager.googleapis.com/v1/projects/ivannia-miller-vasquez:testIamPermissions {"permissions":["firebase.projects.get","firebasehosting.sites.update"]}
[debug] [2025-09-26T05:28:48.157Z] <<< [apiv2][status] POST https://cloudresourcemanager.googleapis.com/v1/projects/ivannia-miller-vasquez:testIamPermissions 401
[debug] [2025-09-26T05:28:48.158Z] <<< [apiv2][body] POST https://cloudresourcemanager.googleapis.com/v1/projects/ivannia-miller-vasquez:testIamPermissions {"error":{"code":401,"message":"Request had invalid authentication credentials. Expected OAuth 2 access token, login cookie or other valid authentication credential. See https://developers.google.com/identity/sign-in/web/devconsole-project.","status":"UNAUTHENTICATED","details":[{"@type":"type.googleapis.com/google.rpc.ErrorInfo","reason":"ACCESS_TOKEN_TYPE_UNSUPPORTED","metadata":{"method":"google.cloudresourcemanager.v1.Projects.TestIamPermissions","service":"cloudresourcemanager.googleapis.com"}}]}}
[debug] [2025-09-26T05:28:48.158Z] Got a 401 Unauthenticated error for a call that required authentication. Refreshing tokens.
[debug] [2025-09-26T05:28:48.158Z] Checked if tokens are valid: true, expires at: 1758883413177
[debug] [2025-09-26T05:28:48.158Z] Checked if tokens are valid: true, expires at: 1758883413177
[debug] [2025-09-26T05:28:48.159Z] [iam] error while checking permissions, command may fail: Request to https://cloudresourcemanager.googleapis.com/v1/projects/ivannia-miller-vasquez:testIamPermissions had HTTP Error: 401, Request had invalid authentication credentials. Expected OAuth 2 access token, login cookie or other valid authentication credential. See https://developers.google.com/identity/sign-in/web/devconsole-project.
[debug] [2025-09-26T05:28:48.159Z] Checked if tokens are valid: true, expires at: 1758883413177
[debug] [2025-09-26T05:28:48.160Z] >>> [apiv2][query] GET https://firebase.googleapis.com/v1beta1/projects/ivannia-miller-vasquez [none]
[debug] [2025-09-26T05:28:48.624Z] <<< [apiv2][status] GET https://firebase.googleapis.com/v1beta1/projects/ivannia-miller-vasquez 401
[debug] [2025-09-26T05:28:48.624Z] <<< [apiv2][body] GET https://firebase.googleapis.com/v1beta1/projects/ivannia-miller-vasquez {"error":{"code":401,"message":"Request had invalid authentication credentials. Expected OAuth 2 access token, login cookie or other valid authentication credential. See https://developers.google.com/identity/sign-in/web/devconsole-project.","status":"UNAUTHENTICATED"}}
[debug] [2025-09-26T05:28:48.624Z] Got a 401 Unauthenticated error for a call that required authentication. Refreshing tokens.
[debug] [2025-09-26T05:28:48.624Z] Checked if tokens are valid: true, expires at: 1758883413177
[debug] [2025-09-26T05:28:48.624Z] Checked if tokens are valid: true, expires at: 1758883413177
[debug] [2025-09-26T05:28:48.625Z] Request to https://firebase.googleapis.com/v1beta1/projects/ivannia-miller-vasquez had HTTP Error: 401, Request had invalid authentication credentials. Expected OAuth 2 access token, login cookie or other valid authentication credential. See https://developers.google.com/identity/sign-in/web/devconsole-project.
[error] 
[error] Error: Assertion failed: resolving hosting target of a site with no site name or target name. This should have caused an error earlier
[debug] [2025-09-26T05:29:02.687Z] ----------------------------------------------------------------------
[debug] [2025-09-26T05:29:02.690Z] Command:       C:\Program Files\nodejs\node.exe C:\Users\PC\AppData\Roaming\npm\node_modules\firebase-tools\lib\bin\firebase.js deploy
[debug] [2025-09-26T05:29:02.691Z] CLI Version:   14.15.2
[debug] [2025-09-26T05:29:02.691Z] Platform:      win32
[debug] [2025-09-26T05:29:02.691Z] Node Version:  v22.19.0
[debug] [2025-09-26T05:29:02.692Z] Time:          Thu Sep 25 2025 23:29:02 GMT-0600 (hora estándar central)
[debug] [2025-09-26T05:29:02.692Z] ----------------------------------------------------------------------
[debug] 
[debug] [2025-09-26T05:29:03.026Z] > command requires scopes: ["email","openid","https://www.googleapis.com/auth/cloudplatformprojects.readonly","https://www.googleapis.com/auth/firebase","https://www.googleapis.com/auth/cloud-platform"]
[debug] [2025-09-26T05:29:03.026Z] > authorizing via signed-in user (anibal.chaves.badilla@gmail.com)
[debug] [2025-09-26T05:29:03.027Z] [iam] checking project ivannia-miller-vasquez for permissions ["firebase.projects.get","firebasehosting.sites.update"]
[debug] [2025-09-26T05:29:03.028Z] Checked if tokens are valid: true, expires at: 1758883413177
[debug] [2025-09-26T05:29:03.028Z] Checked if tokens are valid: true, expires at: 1758883413177
[debug] [2025-09-26T05:29:03.030Z] >>> [apiv2][query] POST https://cloudresourcemanager.googleapis.com/v1/projects/ivannia-miller-vasquez:testIamPermissions [none]
[debug] [2025-09-26T05:29:03.030Z] >>> [apiv2][(partial)header] POST https://cloudresourcemanager.googleapis.com/v1/projects/ivannia-miller-vasquez:testIamPermissions x-goog-quota-user=projects/ivannia-miller-vasquez
[debug] [2025-09-26T05:29:03.030Z] >>> [apiv2][body] POST https://cloudresourcemanager.googleapis.com/v1/projects/ivannia-miller-vasquez:testIamPermissions {"permissions":["firebase.projects.get","firebasehosting.sites.update"]}
[debug] [2025-09-26T05:29:03.453Z] <<< [apiv2][status] POST https://cloudresourcemanager.googleapis.com/v1/projects/ivannia-miller-vasquez:testIamPermissions 401
[debug] [2025-09-26T05:29:03.453Z] <<< [apiv2][body] POST https://cloudresourcemanager.googleapis.com/v1/projects/ivannia-miller-vasquez:testIamPermissions {"error":{"code":401,"message":"Request had invalid authentication credentials. Expected OAuth 2 access token, login cookie or other valid authentication credential. See https://developers.google.com/identity/sign-in/web/devconsole-project.","status":"UNAUTHENTICATED","details":[{"@type":"type.googleapis.com/google.rpc.ErrorInfo","reason":"ACCESS_TOKEN_TYPE_UNSUPPORTED","metadata":{"method":"google.cloudresourcemanager.v1.Projects.TestIamPermissions","service":"cloudresourcemanager.googleapis.com"}}]}}
[debug] [2025-09-26T05:29:03.453Z] Got a 401 Unauthenticated error for a call that required authentication. Refreshing tokens.
[debug] [2025-09-26T05:29:03.453Z] Checked if tokens are valid: true, expires at: 1758883413177
[debug] [2025-09-26T05:29:03.453Z] Checked if tokens are valid: true, expires at: 1758883413177
[debug] [2025-09-26T05:29:03.454Z] [iam] error while checking permissions, command may fail: Request to https://cloudresourcemanager.googleapis.com/v1/projects/ivannia-miller-vasquez:testIamPermissions had HTTP Error: 401, Request had invalid authentication credentials. Expected OAuth 2 access token, login cookie or other valid authentication credential. See https://developers.google.com/identity/sign-in/web/devconsole-project.
[debug] [2025-09-26T05:29:03.455Z] Checked if tokens are valid: true, expires at: 1758883413177
[debug] [2025-09-26T05:29:03.455Z] >>> [apiv2][query] GET https://firebase.googleapis.com/v1beta1/projects/ivannia-miller-vasquez [none]
[debug] [2025-09-26T05:29:03.863Z] <<< [apiv2][status] GET https://firebase.googleapis.com/v1beta1/projects/ivannia-miller-vasquez 401
[debug] [2025-09-26T05:29:03.863Z] <<< [apiv2][body] GET https://firebase.googleapis.com/v1beta1/projects/ivannia-miller-vasquez {"error":{"code":401,"message":"Request had invalid authentication credentials. Expected OAuth 2 access token, login cookie or other valid authentication credential. See https://developers.google.com/identity/sign-in/web/devconsole-project.","status":"UNAUTHENTICATED"}}
[debug] [2025-09-26T05:29:03.863Z] Got a 401 Unauthenticated error for a call that required authentication. Refreshing tokens.
[debug] [2025-09-26T05:29:03.863Z] Checked if tokens are valid: true, expires at: 1758883413177
[debug] [2025-09-26T05:29:03.863Z] Checked if tokens are valid: true, expires at: 1758883413177
[debug] [2025-09-26T05:29:03.864Z] Request to https://firebase.googleapis.com/v1beta1/projects/ivannia-miller-vasquez had HTTP Error: 401, Request had invalid authentication credentials. Expected OAuth 2 access token, login cookie or other valid authentication credential. See https://developers.google.com/identity/sign-in/web/devconsole-project.
[error] 
[error] Error: Assertion failed: resolving hosting target of a site with no site name or target name. This should have caused an error earlier
[debug] [2025-09-26T05:29:29.196Z] ----------------------------------------------------------------------
[debug] [2025-09-26T05:29:29.201Z] Command:       C:\Program Files\nodejs\node.exe C:\Users\PC\AppData\Roaming\npm\node_modules\firebase-tools\lib\bin\firebase.js deploy
[debug] [2025-09-26T05:29:29.202Z] CLI Version:   14.15.2
[debug] [2025-09-26T05:29:29.202Z] Platform:      win32
[debug] [2025-09-26T05:29:29.203Z] Node Version:  v22.19.0
[debug] [2025-09-26T05:29:29.203Z] Time:          Thu Sep 25 2025 23:29:29 GMT-0600 (hora estándar central)
[debug] [2025-09-26T05:29:29.203Z] ----------------------------------------------------------------------
[debug] 
[debug] [2025-09-26T05:29:29.605Z] > command requires scopes: ["email","openid","https://www.googleapis.com/auth/cloudplatformprojects.readonly","https://www.googleapis.com/auth/firebase","https://www.googleapis.com/auth/cloud-platform"]
[debug] [2025-09-26T05:29:29.605Z] > authorizing via signed-in user (anibal.chaves.badilla@gmail.com)
[debug] [2025-09-26T05:29:29.606Z] [iam] checking project ivannia-miller-vasquez for permissions ["firebase.projects.get","firebasehosting.sites.update"]
[debug] [2025-09-26T05:29:29.607Z] Checked if tokens are valid: true, expires at: 1758883413177
[debug] [2025-09-26T05:29:29.607Z] Checked if tokens are valid: true, expires at: 1758883413177
[debug] [2025-09-26T05:29:29.609Z] >>> [apiv2][query] POST https://cloudresourcemanager.googleapis.com/v1/projects/ivannia-miller-vasquez:testIamPermissions [none]
[debug] [2025-09-26T05:29:29.609Z] >>> [apiv2][(partial)header] POST https://cloudresourcemanager.googleapis.com/v1/projects/ivannia-miller-vasquez:testIamPermissions x-goog-quota-user=projects/ivannia-miller-vasquez
[debug] [2025-09-26T05:29:29.609Z] >>> [apiv2][body] POST https://cloudresourcemanager.googleapis.com/v1/projects/ivannia-miller-vasquez:testIamPermissions {"permissions":["firebase.projects.get","firebasehosting.sites.update"]}
[debug] [2025-09-26T05:29:29.958Z] <<< [apiv2][status] POST https://cloudresourcemanager.googleapis.com/v1/projects/ivannia-miller-vasquez:testIamPermissions 401
[debug] [2025-09-26T05:29:29.959Z] <<< [apiv2][body] POST https://cloudresourcemanager.googleapis.com/v1/projects/ivannia-miller-vasquez:testIamPermissions {"error":{"code":401,"message":"Request had invalid authentication credentials. Expected OAuth 2 access token, login cookie or other valid authentication credential. See https://developers.google.com/identity/sign-in/web/devconsole-project.","status":"UNAUTHENTICATED","details":[{"@type":"type.googleapis.com/google.rpc.ErrorInfo","reason":"ACCESS_TOKEN_TYPE_UNSUPPORTED","metadata":{"method":"google.cloudresourcemanager.v1.Projects.TestIamPermissions","service":"cloudresourcemanager.googleapis.com"}}]}}
[debug] [2025-09-26T05:29:29.959Z] Got a 401 Unauthenticated error for a call that required authentication. Refreshing tokens.
[debug] [2025-09-26T05:29:29.959Z] Checked if tokens are valid: true, expires at: 1758883413177
[debug] [2025-09-26T05:29:29.959Z] Checked if tokens are valid: true, expires at: 1758883413177
[debug] [2025-09-26T05:29:29.960Z] [iam] error while checking permissions, command may fail: Request to https://cloudresourcemanager.googleapis.com/v1/projects/ivannia-miller-vasquez:testIamPermissions had HTTP Error: 401, Request had invalid authentication credentials. Expected OAuth 2 access token, login cookie or other valid authentication credential. See https://developers.google.com/identity/sign-in/web/devconsole-project.
[debug] [2025-09-26T05:29:29.961Z] Checked if tokens are valid: true, expires at: 1758883413177
[debug] [2025-09-26T05:29:29.961Z] >>> [apiv2][query] GET https://firebase.googleapis.com/v1beta1/projects/ivannia-miller-vasquez [none]
[debug] [2025-09-26T05:29:30.272Z] <<< [apiv2][status] GET https://firebase.googleapis.com/v1beta1/projects/ivannia-miller-vasquez 401
[debug] [2025-09-26T05:29:30.272Z] <<< [apiv2][body] GET https://firebase.googleapis.com/v1beta1/projects/ivannia-miller-vasquez {"error":{"code":401,"message":"Request had invalid authentication credentials. Expected OAuth 2 access token, login cookie or other valid authentication credential. See https://developers.google.com/identity/sign-in/web/devconsole-project.","status":"UNAUTHENTICATED"}}
[debug] [2025-09-26T05:29:30.272Z] Got a 401 Unauthenticated error for a call that required authentication. Refreshing tokens.
[debug] [2025-09-26T05:29:30.272Z] Checked if tokens are valid: true, expires at: 1758883413177
[debug] [2025-09-26T05:29:30.272Z] Checked if tokens are valid: true, expires at: 1758883413177
[debug] [2025-09-26T05:29:30.273Z] Request to https://firebase.googleapis.com/v1beta1/projects/ivannia-miller-vasquez had HTTP Error: 401, Request had invalid authentication credentials. Expected OAuth 2 access token, login cookie or other valid authentication credential. See https://developers.google.com/identity/sign-in/web/devconsole-project.
[error] 
[error] Error: Assertion failed: resolving hosting target of a site with no site name or target name. This should have caused an error earlier
